<?xml version="1.0" encoding="UTF-8"?>
<!-- Generated by org.testng.reporters.JUnitReportReporter -->
<testsuite skipped="0" hostname="DESKTOP-4SBG31O" name="org.example.testRunner.runners" tests="1" failures="0" timestamp="2022-12-12T15:08:39 EET" time="23.931" errors="0">
  <testcase name="runScenario" time="23.931" classname="org.example.testRunner.runners"/>
  <system-out/>
</testsuite> <!-- org.example.testRunner.runners -->
